<?xml version="1.0" encoding="UTF-8"?>
<testng-results skipped="0" failed="0" total="1" passed="1">
  <reporter-output>
  </reporter-output>
  <suite name="Default suite" duration-ms="18791" started-at="2016-11-05T19:02:46Z" finished-at="2016-11-05T19:03:05Z">
    <groups>
    </groups>
    <test name="Default test" duration-ms="18791" started-at="2016-11-05T19:02:46Z" finished-at="2016-11-05T19:03:05Z">
      <class name="Script.Login">
        <test-method status="PASS" signature="pre()[pri:0, instance:Script.Login@6d78f375]" name="pre" is-config="true" duration-ms="17432" started-at="2016-11-06T00:32:46Z" finished-at="2016-11-06T00:33:03Z">
          <reporter-output>
          </reporter-output>
        </test-method> <!-- pre -->
        <test-method status="PASS" signature="login()[pri:0, instance:Script.Login@6d78f375]" name="login" duration-ms="1316" started-at="2016-11-06T00:33:03Z" finished-at="2016-11-06T00:33:05Z">
          <reporter-output>
          </reporter-output>
        </test-method> <!-- login -->
        <test-method status="PASS" signature="post()[pri:0, instance:Script.Login@6d78f375]" name="post" is-config="true" duration-ms="1" started-at="2016-11-06T00:33:05Z" finished-at="2016-11-06T00:33:05Z">
          <reporter-output>
          </reporter-output>
        </test-method> <!-- post -->
      </class> <!-- Script.Login -->
    </test> <!-- Default test -->
  </suite> <!-- Default suite -->
</testng-results>
